#! /usr/bin/vvp
:ivl_version "10.3 (stable)";
:ivl_delay_selection "TYPICAL";
:vpi_time_precision + 0;
:vpi_module "system";
:vpi_module "vhdl_sys";
:vpi_module "v2005_math";
:vpi_module "va_math";
S_0x55a1b821a9e0 .scope module, "stimulus" "stimulus" 2 1;
 .timescale 0 0;
v0x55a1b822e520_0 .var "ip", 3 0;
v0x55a1b822e5e0_0 .net "op", 3 0, L_0x55a1b822ee80;  1 drivers
S_0x55a1b81e4030 .scope module, "my" "gr" 2 4, 3 2 0, S_0x55a1b821a9e0;
 .timescale 0 0;
    .port_info 0 /OUTPUT 4 "OUT"
    .port_info 1 /INPUT 4 "IN"
L_0x55a1b822e6b0 .functor AND 1, L_0x55a1b822e7b0, L_0x55a1b822e8a0, C4<1>, C4<1>;
L_0x55a1b822e990 .functor XOR 1, L_0x55a1b822ea00, L_0x55a1b822eaf0, C4<0>, C4<0>;
L_0x55a1b822ebc0 .functor XOR 1, L_0x55a1b822ec60, L_0x55a1b822ed50, C4<0>, C4<0>;
L_0x55a1b822f060 .functor XOR 1, L_0x55a1b822f150, L_0x55a1b822f290, C4<0>, C4<0>;
v0x55a1b81f7de0_0 .net "IN", 3 0, v0x55a1b822e520_0;  1 drivers
v0x55a1b822d930_0 .net "OUT", 3 0, L_0x55a1b822ee80;  alias, 1 drivers
v0x55a1b822da10_0 .net *"_s1", 0 0, L_0x55a1b822e6b0;  1 drivers
v0x55a1b822dad0_0 .net *"_s11", 0 0, L_0x55a1b822ea00;  1 drivers
v0x55a1b822dbb0_0 .net *"_s13", 0 0, L_0x55a1b822eaf0;  1 drivers
v0x55a1b822dce0_0 .net *"_s15", 0 0, L_0x55a1b822ebc0;  1 drivers
v0x55a1b822ddc0_0 .net *"_s18", 0 0, L_0x55a1b822ec60;  1 drivers
v0x55a1b822dea0_0 .net *"_s20", 0 0, L_0x55a1b822ed50;  1 drivers
v0x55a1b822df80_0 .net *"_s22", 0 0, L_0x55a1b822f060;  1 drivers
v0x55a1b822e060_0 .net *"_s26", 0 0, L_0x55a1b822f150;  1 drivers
v0x55a1b822e140_0 .net *"_s28", 0 0, L_0x55a1b822f290;  1 drivers
v0x55a1b822e220_0 .net *"_s4", 0 0, L_0x55a1b822e7b0;  1 drivers
v0x55a1b822e300_0 .net *"_s6", 0 0, L_0x55a1b822e8a0;  1 drivers
v0x55a1b822e3e0_0 .net *"_s8", 0 0, L_0x55a1b822e990;  1 drivers
L_0x55a1b822e7b0 .part v0x55a1b822e520_0, 3, 1;
L_0x55a1b822e8a0 .part v0x55a1b822e520_0, 3, 1;
L_0x55a1b822ea00 .part v0x55a1b822e520_0, 3, 1;
L_0x55a1b822eaf0 .part v0x55a1b822e520_0, 2, 1;
L_0x55a1b822ec60 .part v0x55a1b822e520_0, 2, 1;
L_0x55a1b822ed50 .part v0x55a1b822e520_0, 1, 1;
L_0x55a1b822ee80 .concat8 [ 1 1 1 1], L_0x55a1b822f060, L_0x55a1b822ebc0, L_0x55a1b822e990, L_0x55a1b822e6b0;
L_0x55a1b822f150 .part v0x55a1b822e520_0, 1, 1;
L_0x55a1b822f290 .part v0x55a1b822e520_0, 0, 1;
    .scope S_0x55a1b821a9e0;
T_0 ;
    %vpi_call 2 6 "$dumpfile", "gray.vcd" {0 0 0};
    %vpi_call 2 7 "$dumpvars", 32'sb00000000000000000000000000000000, S_0x55a1b821a9e0 {0 0 0};
    %vpi_call 2 8 "$monitor", $time, "ip=%b,op=%b", v0x55a1b822e520_0, v0x55a1b822e5e0_0 {0 0 0};
    %delay 5, 0;
    %pushi/vec4 14, 0, 4;
    %store/vec4 v0x55a1b822e520_0, 0, 4;
    %delay 5, 0;
    %pushi/vec4 10, 0, 4;
    %store/vec4 v0x55a1b822e520_0, 0, 4;
    %delay 5, 0;
    %pushi/vec4 2, 0, 4;
    %store/vec4 v0x55a1b822e520_0, 0, 4;
    %delay 5, 0;
    %pushi/vec4 12, 0, 4;
    %store/vec4 v0x55a1b822e520_0, 0, 4;
    %delay 5, 0;
    %vpi_call 2 13 "$finish" {0 0 0};
    %end;
    .thread T_0;
# The file index is used to find the file name in the following table.
:file_names 4;
    "N/A";
    "<interactive>";
    "gray_test.v";
    "gray_1.v";
